<?xml version="1.0" encoding="UTF-8" ?>
<testsuite tests="1" failures="1" name="org.acm.nhenehan.xsd2exip.MainTest" time="0.104" errors="0" skipped="0">
  <properties>
[...]
</properties>
  <testcase classname="org.acm.nhenehan.xsd2exip.MainTest" name="org.acm.nhenehan.xsd2exip.MainTest.testMain" time="0.104">
    <failure message="expected: &lt;true&gt; but was: &lt;false&gt;" type="org.opentest4j.AssertionFailedError">org.opentest4j.AssertionFailedError: expected: &lt;true&gt; but was: &lt;false&gt;
	at org.junit.jupiter.api.AssertionUtils.fail(AssertionUtils.java:55)
	at org.junit.jupiter.api.AssertTrue.assertTrue(AssertTrue.java:40)
	at org.junit.jupiter.api.AssertTrue.assertTrue(AssertTrue.java:35)
	at org.junit.jupiter.api.Assertions.assertTrue(Assertions.java:162)
	at org.acm.nhenehan.xsd2exip.MainTest.testMain(MainTest.java:90)
</failure>
    <system-out>main
C:\Users\nhene\Projects\EXI\exip\exip-code-r360-cmake
Byte Array Lenghts Differ: a0=631a1=690
[000000] b0[10110000] a0[10100000]
=&gt; Stopping at first discrepancy &lt;=
</system-out>
  </testcase>
</testsuite>